{"level":"info","message":"main 日志服务已启动。","name":"main","timestamp":"2024-05-17 17:09:47"}
{"level":"info","message":{"payload":{"method":"post","path":"/api/v1/auth/login"},"type":"Server Init Router"},"name":"main","timestamp":"2024-05-17 17:09:47"}
{"level":"info","message":{"payload":{"method":"post","path":"/api/v1/auth/check_login"},"type":"Server Init Router"},"name":"main","timestamp":"2024-05-17 17:09:47"}
{"level":"info","message":{"payload":{"method":"delete","path":"/api/v1/auth/logout"},"type":"Server Init Router"},"name":"main","timestamp":"2024-05-17 17:09:47"}
{"level":"info","message":{"payload":{"method":"get","path":"/api/v1/test"},"type":"Server Init Router"},"name":"main","timestamp":"2024-05-17 17:09:47"}
{"level":"info","message":{"payload":{"method":"get","path":"/api/v1/throw_undefined_error"},"type":"Server Init Router"},"name":"main","timestamp":"2024-05-17 17:09:47"}
{"level":"info","message":{"payload":{"method":"get","path":"/api/v1/no_permission"},"type":"Server Init Router"},"name":"main","timestamp":"2024-05-17 17:09:47"}
{"level":"info","message":{"payload":{"method":"get","path":"/api/v1/users/:username"},"type":"Server Init Router"},"name":"main","timestamp":"2024-05-17 17:09:47"}
{"level":"info","message":{"msg":"Server listening on port: 3000, env: development.\n    You can visit http://localhost:3000","type":"Server Init"},"name":"main","timestamp":"2024-05-17 17:09:47"}
{"level":"info","message":"main 日志服务已启动。","name":"main","timestamp":"2024-05-17 17:10:03"}
{"level":"info","message":{"payload":{"method":"post","path":"/api/v1/auth/login"},"type":"Server Init Router"},"name":"main","timestamp":"2024-05-17 17:10:03"}
{"level":"info","message":{"payload":{"method":"post","path":"/api/v1/auth/check_login"},"type":"Server Init Router"},"name":"main","timestamp":"2024-05-17 17:10:03"}
{"level":"info","message":{"payload":{"method":"delete","path":"/api/v1/auth/logout"},"type":"Server Init Router"},"name":"main","timestamp":"2024-05-17 17:10:03"}
{"level":"info","message":{"payload":{"method":"get","path":"/api/v1/test"},"type":"Server Init Router"},"name":"main","timestamp":"2024-05-17 17:10:03"}
{"level":"info","message":{"payload":{"method":"get","path":"/api/v1/throw_undefined_error"},"type":"Server Init Router"},"name":"main","timestamp":"2024-05-17 17:10:03"}
{"level":"info","message":{"payload":{"method":"get","path":"/api/v1/no_permission"},"type":"Server Init Router"},"name":"main","timestamp":"2024-05-17 17:10:03"}
{"level":"info","message":{"payload":{"method":"get","path":"/api/v1/users/:username"},"type":"Server Init Router"},"name":"main","timestamp":"2024-05-17 17:10:03"}
{"level":"info","message":{"msg":"Server listening on port: 3000, env: development.\n    You can visit http://localhost:3000","type":"Server Init"},"name":"main","timestamp":"2024-05-17 17:10:03"}
{"level":"info","message":"main 日志服务已启动。","name":"main","timestamp":"2024-05-17 17:24:27"}
{"level":"info","message":{"payload":{"method":"post","path":"/api/v1/auth/login"},"type":"Server Init Router"},"name":"main","timestamp":"2024-05-17 17:24:27"}
{"level":"info","message":{"payload":{"method":"post","path":"/api/v1/auth/check_login"},"type":"Server Init Router"},"name":"main","timestamp":"2024-05-17 17:24:27"}
{"level":"info","message":{"payload":{"method":"delete","path":"/api/v1/auth/logout"},"type":"Server Init Router"},"name":"main","timestamp":"2024-05-17 17:24:27"}
{"level":"info","message":{"payload":{"method":"get","path":"/api/v1/test"},"type":"Server Init Router"},"name":"main","timestamp":"2024-05-17 17:24:27"}
{"level":"info","message":{"payload":{"method":"get","path":"/api/v1/throw_undefined_error"},"type":"Server Init Router"},"name":"main","timestamp":"2024-05-17 17:24:27"}
{"level":"info","message":{"payload":{"method":"get","path":"/api/v1/no_permission"},"type":"Server Init Router"},"name":"main","timestamp":"2024-05-17 17:24:27"}
{"level":"info","message":{"payload":{"method":"get","path":"/api/v1/users/:username"},"type":"Server Init Router"},"name":"main","timestamp":"2024-05-17 17:24:27"}
{"level":"info","message":{"payload":{"method":"get","path":"/"},"type":"Server Init Router"},"name":"main","timestamp":"2024-05-17 17:24:27"}
{"level":"info","message":{"payload":{"method":"get","path":"/:nofound"},"type":"Server Init Router"},"name":"main","timestamp":"2024-05-17 17:24:27"}
{"level":"info","message":{"msg":"Server listening on port: 3000, env: development.\n    You can visit http://localhost:3000","type":"Server Init"},"name":"main","timestamp":"2024-05-17 17:24:27"}
{"level":"info","message":"main 日志服务已启动。","name":"main","timestamp":"2024-05-17 17:32:21"}
{"level":"info","message":{"payload":{"method":"post","path":"/api/v1/auth/login"},"type":"Server Init Router"},"name":"main","timestamp":"2024-05-17 17:32:21"}
{"level":"info","message":{"payload":{"method":"post","path":"/api/v1/auth/check_login"},"type":"Server Init Router"},"name":"main","timestamp":"2024-05-17 17:32:21"}
{"level":"info","message":{"payload":{"method":"delete","path":"/api/v1/auth/logout"},"type":"Server Init Router"},"name":"main","timestamp":"2024-05-17 17:32:21"}
{"level":"info","message":{"payload":{"method":"get","path":"/api/v1/test"},"type":"Server Init Router"},"name":"main","timestamp":"2024-05-17 17:32:21"}
{"level":"info","message":{"payload":{"method":"get","path":"/api/v1/throw_undefined_error"},"type":"Server Init Router"},"name":"main","timestamp":"2024-05-17 17:32:21"}
{"level":"info","message":{"payload":{"method":"get","path":"/api/v1/no_permission"},"type":"Server Init Router"},"name":"main","timestamp":"2024-05-17 17:32:21"}
{"level":"info","message":{"payload":{"method":"get","path":"/api/v1/users/:username"},"type":"Server Init Router"},"name":"main","timestamp":"2024-05-17 17:32:21"}
{"level":"info","message":{"payload":{"method":"get","path":"/"},"type":"Server Init Router"},"name":"main","timestamp":"2024-05-17 17:32:21"}
{"level":"info","message":{"payload":{"method":"get","path":"/:nofound"},"type":"Server Init Router"},"name":"main","timestamp":"2024-05-17 17:32:21"}
{"level":"info","message":{"msg":"Server listening on port: 3000, env: development.\n    You can visit http://localhost:3000","type":"Server Init"},"name":"main","timestamp":"2024-05-17 17:32:21"}
